<?xml version="1.0" encoding="UTF-8"?>
<!-- Generated by org.testng.reporters.JUnitReportReporter -->
<testsuite hostname="DESKTOP-EGLH6SU" failures="0" tests="1" name="Tests.CreateEventTest" time="48.506" errors="0" timestamp="2022-04-18T14:58:28 IST" skipped="0">
  <testcase classname="Tests.CreateEventTest" name="createNewEvent" time="48.506"/>
  <system-out/>
</testsuite> <!-- Tests.CreateEventTest -->
