<?xml version="1.0" encoding="UTF-8"?>
<!-- Generated by org.testng.reporters.JUnitReportReporter -->
<testsuite hostname="DESKTOP-EGLH6SU" failures="0" tests="1" name="Tests.CreateEventTest" time="74.179" errors="0" timestamp="2022-04-20T15:23:20 IST" skipped="0">
  <testcase classname="Tests.CreateEventTest" name="createNewEvent" time="74.179"/>
  <system-out/>
</testsuite> <!-- Tests.CreateEventTest -->
